{"level":"info","message":"登陆成功:kiri","timestamp":"2024-11-21 20:02:02"}
{"level":"error","message":"发送文件消息失败: 缺少必要参数","stack":"BadRequestError: 缺少必要参数\n    at Object.throw (C:\\Users\\Administrator\\Desktop\\kiri-project\\KiriPet\\node-koa-kiripet\\node_modules\\koa\\lib\\context.js:97:11)\n    at sendMsg (C:\\Users\\Administrator\\Desktop\\kiri-project\\KiriPet\\node-koa-kiripet\\src\\middleware\\chat.middleware.js:125:16)\n    at dispatch (C:\\Users\\Administrator\\Desktop\\kiri-project\\KiriPet\\node-koa-kiripet\\node_modules\\koa-compose\\index.js:42:32)\n    at C:\\Users\\Administrator\\Desktop\\kiri-project\\KiriPet\\node-koa-kiripet\\node_modules\\koa-router\\lib\\router.js:423:16\n    at dispatch (C:\\Users\\Administrator\\Desktop\\kiri-project\\KiriPet\\node-koa-kiripet\\node_modules\\koa-compose\\index.js:42:32)\n    at C:\\Users\\Administrator\\Desktop\\kiri-project\\KiriPet\\node-koa-kiripet\\node_modules\\koa-compose\\index.js:34:12\n    at dispatch (C:\\Users\\Administrator\\Desktop\\kiri-project\\KiriPet\\node-koa-kiripet\\node_modules\\koa-router\\lib\\router.js:428:31)\n    at dispatch (C:\\Users\\Administrator\\Desktop\\kiri-project\\KiriPet\\node-koa-kiripet\\node_modules\\koa-compose\\index.js:42:32)\n    at cors (C:\\Users\\Administrator\\Desktop\\kiri-project\\KiriPet\\node-koa-kiripet\\node_modules\\@koa\\cors\\index.js:109:22)\n    at process.processTicksAndRejections (node:internal/process/task_queues:95:5)","timestamp":"2024-11-21 20:11:41"}
{"level":"error","message":"请求错误: next is not a function","stack":"TypeError: next is not a function\n    at Application.errorHandler (C:\\Users\\Administrator\\Desktop\\kiri-project\\KiriPet\\node-koa-kiripet\\src\\error.handle.js:5:11)\n    at Application.emit (node:events:519:28)\n    at Object.onerror (C:\\Users\\Administrator\\Desktop\\kiri-project\\KiriPet\\node-koa-kiripet\\node_modules\\koa\\lib\\context.js:127:14)\n    at onerror (C:\\Users\\Administrator\\Desktop\\kiri-project\\KiriPet\\node-koa-kiripet\\node_modules\\koa\\lib\\application.js:183:32)\n    at process.processTicksAndRejections (node:internal/process/task_queues:95:5)","timestamp":"2024-11-21 20:11:41"}
{"level":"error","message":"发送文件消息失败: 缺少必要参数","stack":"BadRequestError: 缺少必要参数\n    at Object.throw (C:\\Users\\Administrator\\Desktop\\kiri-project\\KiriPet\\node-koa-kiripet\\node_modules\\koa\\lib\\context.js:97:11)\n    at sendMsg (C:\\Users\\Administrator\\Desktop\\kiri-project\\KiriPet\\node-koa-kiripet\\src\\middleware\\chat.middleware.js:125:16)\n    at dispatch (C:\\Users\\Administrator\\Desktop\\kiri-project\\KiriPet\\node-koa-kiripet\\node_modules\\koa-compose\\index.js:42:32)\n    at C:\\Users\\Administrator\\Desktop\\kiri-project\\KiriPet\\node-koa-kiripet\\node_modules\\koa-router\\lib\\router.js:423:16\n    at dispatch (C:\\Users\\Administrator\\Desktop\\kiri-project\\KiriPet\\node-koa-kiripet\\node_modules\\koa-compose\\index.js:42:32)\n    at C:\\Users\\Administrator\\Desktop\\kiri-project\\KiriPet\\node-koa-kiripet\\node_modules\\koa-compose\\index.js:34:12\n    at dispatch (C:\\Users\\Administrator\\Desktop\\kiri-project\\KiriPet\\node-koa-kiripet\\node_modules\\koa-router\\lib\\router.js:428:31)\n    at dispatch (C:\\Users\\Administrator\\Desktop\\kiri-project\\KiriPet\\node-koa-kiripet\\node_modules\\koa-compose\\index.js:42:32)\n    at cors (C:\\Users\\Administrator\\Desktop\\kiri-project\\KiriPet\\node-koa-kiripet\\node_modules\\@koa\\cors\\index.js:109:22)\n    at process.processTicksAndRejections (node:internal/process/task_queues:95:5)","timestamp":"2024-11-21 20:13:53"}
{"level":"error","message":"发送文本消息失败: 缺少必要参数","stack":"BadRequestError: 缺少必要参数\n    at Object.throw (C:\\Users\\Administrator\\Desktop\\kiri-project\\KiriPet\\node-koa-kiripet\\node_modules\\koa\\lib\\context.js:97:11)\n    at sendMsg (C:\\Users\\Administrator\\Desktop\\kiri-project\\KiriPet\\node-koa-kiripet\\src\\middleware\\chat.middleware.js:125:16)\n    at dispatch (C:\\Users\\Administrator\\Desktop\\kiri-project\\KiriPet\\node-koa-kiripet\\node_modules\\koa-compose\\index.js:42:32)\n    at C:\\Users\\Administrator\\Desktop\\kiri-project\\KiriPet\\node-koa-kiripet\\node_modules\\koa-router\\lib\\router.js:423:16\n    at dispatch (C:\\Users\\Administrator\\Desktop\\kiri-project\\KiriPet\\node-koa-kiripet\\node_modules\\koa-compose\\index.js:42:32)\n    at C:\\Users\\Administrator\\Desktop\\kiri-project\\KiriPet\\node-koa-kiripet\\node_modules\\koa-compose\\index.js:34:12\n    at dispatch (C:\\Users\\Administrator\\Desktop\\kiri-project\\KiriPet\\node-koa-kiripet\\node_modules\\koa-router\\lib\\router.js:428:31)\n    at dispatch (C:\\Users\\Administrator\\Desktop\\kiri-project\\KiriPet\\node-koa-kiripet\\node_modules\\koa-compose\\index.js:42:32)\n    at cors (C:\\Users\\Administrator\\Desktop\\kiri-project\\KiriPet\\node-koa-kiripet\\node_modules\\@koa\\cors\\index.js:109:22)\n    at process.processTicksAndRejections (node:internal/process/task_queues:95:5)","timestamp":"2024-11-21 20:17:02"}
{"level":"error","message":"发送文本消息失败: 缺少必要参数","stack":"BadRequestError: 缺少必要参数\n    at Object.throw (C:\\Users\\Administrator\\Desktop\\kiri-project\\KiriPet\\node-koa-kiripet\\node_modules\\koa\\lib\\context.js:97:11)\n    at sendMsg (C:\\Users\\Administrator\\Desktop\\kiri-project\\KiriPet\\node-koa-kiripet\\src\\middleware\\chat.middleware.js:125:16)\n    at dispatch (C:\\Users\\Administrator\\Desktop\\kiri-project\\KiriPet\\node-koa-kiripet\\node_modules\\koa-compose\\index.js:42:32)\n    at C:\\Users\\Administrator\\Desktop\\kiri-project\\KiriPet\\node-koa-kiripet\\node_modules\\koa-router\\lib\\router.js:423:16\n    at dispatch (C:\\Users\\Administrator\\Desktop\\kiri-project\\KiriPet\\node-koa-kiripet\\node_modules\\koa-compose\\index.js:42:32)\n    at C:\\Users\\Administrator\\Desktop\\kiri-project\\KiriPet\\node-koa-kiripet\\node_modules\\koa-compose\\index.js:34:12\n    at dispatch (C:\\Users\\Administrator\\Desktop\\kiri-project\\KiriPet\\node-koa-kiripet\\node_modules\\koa-router\\lib\\router.js:428:31)\n    at dispatch (C:\\Users\\Administrator\\Desktop\\kiri-project\\KiriPet\\node-koa-kiripet\\node_modules\\koa-compose\\index.js:42:32)\n    at cors (C:\\Users\\Administrator\\Desktop\\kiri-project\\KiriPet\\node-koa-kiripet\\node_modules\\@koa\\cors\\index.js:109:22)\n    at dispatch (C:\\Users\\Administrator\\Desktop\\kiri-project\\KiriPet\\node-koa-kiripet\\node_modules\\koa-compose\\index.js:42:32)","timestamp":"2024-11-21 20:18:41"}
{"level":"error","message":"文件上传失败: crypto.randomBytes is not a function","stack":"TypeError: crypto.randomBytes is not a function\n    at ossUpload (C:\\Users\\Administrator\\Desktop\\kiri-project\\KiriPet\\node-koa-kiripet\\src\\middleware\\chat.middleware.js:77:32)\n    at dispatch (C:\\Users\\Administrator\\Desktop\\kiri-project\\KiriPet\\node-koa-kiripet\\node_modules\\koa-compose\\index.js:42:32)\n    at C:\\Users\\Administrator\\Desktop\\kiri-project\\KiriPet\\node-koa-kiripet\\node_modules\\koa-router\\lib\\router.js:423:16\n    at dispatch (C:\\Users\\Administrator\\Desktop\\kiri-project\\KiriPet\\node-koa-kiripet\\node_modules\\koa-compose\\index.js:42:32)\n    at C:\\Users\\Administrator\\Desktop\\kiri-project\\KiriPet\\node-koa-kiripet\\node_modules\\koa-compose\\index.js:34:12\n    at dispatch (C:\\Users\\Administrator\\Desktop\\kiri-project\\KiriPet\\node-koa-kiripet\\node_modules\\koa-router\\lib\\router.js:428:31)\n    at dispatch (C:\\Users\\Administrator\\Desktop\\kiri-project\\KiriPet\\node-koa-kiripet\\node_modules\\koa-compose\\index.js:42:32)\n    at cors (C:\\Users\\Administrator\\Desktop\\kiri-project\\KiriPet\\node-koa-kiripet\\node_modules\\@koa\\cors\\index.js:109:22)\n    at dispatch (C:\\Users\\Administrator\\Desktop\\kiri-project\\KiriPet\\node-koa-kiripet\\node_modules\\koa-compose\\index.js:42:32)\n    at bodyParser (C:\\Users\\Administrator\\Desktop\\kiri-project\\KiriPet\\node-koa-kiripet\\node_modules\\koa-bodyparser\\index.js:65:20)","timestamp":"2024-11-21 20:25:17"}
{"level":"error","message":"发送文本消息失败: 缺少必要参数","stack":"BadRequestError: 缺少必要参数\n    at Object.throw (C:\\Users\\Administrator\\Desktop\\kiri-project\\KiriPet\\node-koa-kiripet\\node_modules\\koa\\lib\\context.js:97:11)\n    at sendMsg (C:\\Users\\Administrator\\Desktop\\kiri-project\\KiriPet\\node-koa-kiripet\\src\\middleware\\chat.middleware.js:126:16)\n    at dispatch (C:\\Users\\Administrator\\Desktop\\kiri-project\\KiriPet\\node-koa-kiripet\\node_modules\\koa-compose\\index.js:42:32)\n    at C:\\Users\\Administrator\\Desktop\\kiri-project\\KiriPet\\node-koa-kiripet\\node_modules\\koa-router\\lib\\router.js:423:16\n    at dispatch (C:\\Users\\Administrator\\Desktop\\kiri-project\\KiriPet\\node-koa-kiripet\\node_modules\\koa-compose\\index.js:42:32)\n    at C:\\Users\\Administrator\\Desktop\\kiri-project\\KiriPet\\node-koa-kiripet\\node_modules\\koa-compose\\index.js:34:12\n    at dispatch (C:\\Users\\Administrator\\Desktop\\kiri-project\\KiriPet\\node-koa-kiripet\\node_modules\\koa-router\\lib\\router.js:428:31)\n    at dispatch (C:\\Users\\Administrator\\Desktop\\kiri-project\\KiriPet\\node-koa-kiripet\\node_modules\\koa-compose\\index.js:42:32)\n    at cors (C:\\Users\\Administrator\\Desktop\\kiri-project\\KiriPet\\node-koa-kiripet\\node_modules\\@koa\\cors\\index.js:109:22)\n    at dispatch (C:\\Users\\Administrator\\Desktop\\kiri-project\\KiriPet\\node-koa-kiripet\\node_modules\\koa-compose\\index.js:42:32)","timestamp":"2024-11-21 20:28:22"}
{"level":"info","message":"文件上传成功: http://k-chat-test.oss-cn-guangzhou.aliyuncs.com/chat-files/3a0cd9f5dabf4b23b4a9868df3ed1f91.png","timestamp":"2024-11-21 20:28:45"}
{"level":"error","message":"发送文件消息失败: Sequelize.query is not a function","timestamp":"2024-11-21 20:28:45"}
{"level":"error","message":"发送文件消息失败: Sequelize.query is not a function","stack":"TypeError: Sequelize.query is not a function\n    at MessageService.sendFile (C:\\Users\\Administrator\\Desktop\\kiri-project\\KiriPet\\node-koa-kiripet\\src\\service\\chat.service.js:41:23)\n    at sendFile (C:\\Users\\Administrator\\Desktop\\kiri-project\\KiriPet\\node-koa-kiripet\\src\\middleware\\chat.middleware.js:150:41)\n    at dispatch (C:\\Users\\Administrator\\Desktop\\kiri-project\\KiriPet\\node-koa-kiripet\\node_modules\\koa-compose\\index.js:42:32)\n    at ossUpload (C:\\Users\\Administrator\\Desktop\\kiri-project\\KiriPet\\node-koa-kiripet\\src\\middleware\\chat.middleware.js:113:11)\n    at process.processTicksAndRejections (node:internal/process/task_queues:95:5)\n    at async cors (C:\\Users\\Administrator\\Desktop\\kiri-project\\KiriPet\\node-koa-kiripet\\node_modules\\@koa\\cors\\index.js:109:16)\n    at async bodyParser (C:\\Users\\Administrator\\Desktop\\kiri-project\\KiriPet\\node-koa-kiripet\\node_modules\\koa-bodyparser\\index.js:65:14)\n    at async verifyParam (C:\\Users\\Administrator\\Desktop\\kiri-project\\KiriPet\\node-koa-kiripet\\node_modules\\koa-parameter\\index.js:52:7)\n    at async serve (C:\\Users\\Administrator\\Desktop\\kiri-project\\KiriPet\\node-koa-kiripet\\node_modules\\koa-static\\index.js:53:9)","timestamp":"2024-11-21 20:28:45"}
{"level":"error","message":"文件上传失败: Sequelize.query is not a function","stack":"InternalServerError: Sequelize.query is not a function\n    at Object.throw (C:\\Users\\Administrator\\Desktop\\kiri-project\\KiriPet\\node-koa-kiripet\\node_modules\\koa\\lib\\context.js:97:11)\n    at sendFile (C:\\Users\\Administrator\\Desktop\\kiri-project\\KiriPet\\node-koa-kiripet\\src\\middleware\\chat.middleware.js:158:14)\n    at process.processTicksAndRejections (node:internal/process/task_queues:95:5)\n    at async ossUpload (C:\\Users\\Administrator\\Desktop\\kiri-project\\KiriPet\\node-koa-kiripet\\src\\middleware\\chat.middleware.js:113:5)\n    at async cors (C:\\Users\\Administrator\\Desktop\\kiri-project\\KiriPet\\node-koa-kiripet\\node_modules\\@koa\\cors\\index.js:109:16)\n    at async bodyParser (C:\\Users\\Administrator\\Desktop\\kiri-project\\KiriPet\\node-koa-kiripet\\node_modules\\koa-bodyparser\\index.js:65:14)\n    at async verifyParam (C:\\Users\\Administrator\\Desktop\\kiri-project\\KiriPet\\node-koa-kiripet\\node_modules\\koa-parameter\\index.js:52:7)\n    at async serve (C:\\Users\\Administrator\\Desktop\\kiri-project\\KiriPet\\node-koa-kiripet\\node_modules\\koa-static\\index.js:53:9)","timestamp":"2024-11-21 20:28:45"}
{"level":"error","message":"发送文本消息失败: 缺少必要参数","stack":"BadRequestError: 缺少必要参数\n    at Object.throw (C:\\Users\\Administrator\\Desktop\\kiri-project\\KiriPet\\node-koa-kiripet\\node_modules\\koa\\lib\\context.js:97:11)\n    at sendMsg (C:\\Users\\Administrator\\Desktop\\kiri-project\\KiriPet\\node-koa-kiripet\\src\\middleware\\chat.middleware.js:127:16)\n    at dispatch (C:\\Users\\Administrator\\Desktop\\kiri-project\\KiriPet\\node-koa-kiripet\\node_modules\\koa-compose\\index.js:42:32)\n    at C:\\Users\\Administrator\\Desktop\\kiri-project\\KiriPet\\node-koa-kiripet\\node_modules\\koa-router\\lib\\router.js:423:16\n    at dispatch (C:\\Users\\Administrator\\Desktop\\kiri-project\\KiriPet\\node-koa-kiripet\\node_modules\\koa-compose\\index.js:42:32)\n    at C:\\Users\\Administrator\\Desktop\\kiri-project\\KiriPet\\node-koa-kiripet\\node_modules\\koa-compose\\index.js:34:12\n    at dispatch (C:\\Users\\Administrator\\Desktop\\kiri-project\\KiriPet\\node-koa-kiripet\\node_modules\\koa-router\\lib\\router.js:428:31)\n    at dispatch (C:\\Users\\Administrator\\Desktop\\kiri-project\\KiriPet\\node-koa-kiripet\\node_modules\\koa-compose\\index.js:42:32)\n    at cors (C:\\Users\\Administrator\\Desktop\\kiri-project\\KiriPet\\node-koa-kiripet\\node_modules\\@koa\\cors\\index.js:109:22)\n    at dispatch (C:\\Users\\Administrator\\Desktop\\kiri-project\\KiriPet\\node-koa-kiripet\\node_modules\\koa-compose\\index.js:42:32)","timestamp":"2024-11-21 20:30:10"}
{"level":"error","message":"发送文本消息失败: 缺少必要参数","stack":"BadRequestError: 缺少必要参数\n    at Object.throw (C:\\Users\\Administrator\\Desktop\\kiri-project\\KiriPet\\node-koa-kiripet\\node_modules\\koa\\lib\\context.js:97:11)\n    at sendMsg (C:\\Users\\Administrator\\Desktop\\kiri-project\\KiriPet\\node-koa-kiripet\\src\\middleware\\chat.middleware.js:127:16)\n    at dispatch (C:\\Users\\Administrator\\Desktop\\kiri-project\\KiriPet\\node-koa-kiripet\\node_modules\\koa-compose\\index.js:42:32)\n    at C:\\Users\\Administrator\\Desktop\\kiri-project\\KiriPet\\node-koa-kiripet\\node_modules\\koa-router\\lib\\router.js:423:16\n    at dispatch (C:\\Users\\Administrator\\Desktop\\kiri-project\\KiriPet\\node-koa-kiripet\\node_modules\\koa-compose\\index.js:42:32)\n    at C:\\Users\\Administrator\\Desktop\\kiri-project\\KiriPet\\node-koa-kiripet\\node_modules\\koa-compose\\index.js:34:12\n    at dispatch (C:\\Users\\Administrator\\Desktop\\kiri-project\\KiriPet\\node-koa-kiripet\\node_modules\\koa-router\\lib\\router.js:428:31)\n    at dispatch (C:\\Users\\Administrator\\Desktop\\kiri-project\\KiriPet\\node-koa-kiripet\\node_modules\\koa-compose\\index.js:42:32)\n    at cors (C:\\Users\\Administrator\\Desktop\\kiri-project\\KiriPet\\node-koa-kiripet\\node_modules\\@koa\\cors\\index.js:109:22)\n    at dispatch (C:\\Users\\Administrator\\Desktop\\kiri-project\\KiriPet\\node-koa-kiripet\\node_modules\\koa-compose\\index.js:42:32)","timestamp":"2024-11-21 20:30:44"}
{"level":"error","message":"发送文本消息失败: 缺少必要参数","stack":"BadRequestError: 缺少必要参数\n    at Object.throw (C:\\Users\\Administrator\\Desktop\\kiri-project\\KiriPet\\node-koa-kiripet\\node_modules\\koa\\lib\\context.js:97:11)\n    at sendMsg (C:\\Users\\Administrator\\Desktop\\kiri-project\\KiriPet\\node-koa-kiripet\\src\\middleware\\chat.middleware.js:127:16)\n    at dispatch (C:\\Users\\Administrator\\Desktop\\kiri-project\\KiriPet\\node-koa-kiripet\\node_modules\\koa-compose\\index.js:42:32)\n    at C:\\Users\\Administrator\\Desktop\\kiri-project\\KiriPet\\node-koa-kiripet\\node_modules\\koa-router\\lib\\router.js:423:16\n    at dispatch (C:\\Users\\Administrator\\Desktop\\kiri-project\\KiriPet\\node-koa-kiripet\\node_modules\\koa-compose\\index.js:42:32)\n    at C:\\Users\\Administrator\\Desktop\\kiri-project\\KiriPet\\node-koa-kiripet\\node_modules\\koa-compose\\index.js:34:12\n    at dispatch (C:\\Users\\Administrator\\Desktop\\kiri-project\\KiriPet\\node-koa-kiripet\\node_modules\\koa-router\\lib\\router.js:428:31)\n    at dispatch (C:\\Users\\Administrator\\Desktop\\kiri-project\\KiriPet\\node-koa-kiripet\\node_modules\\koa-compose\\index.js:42:32)\n    at cors (C:\\Users\\Administrator\\Desktop\\kiri-project\\KiriPet\\node-koa-kiripet\\node_modules\\@koa\\cors\\index.js:109:22)\n    at dispatch (C:\\Users\\Administrator\\Desktop\\kiri-project\\KiriPet\\node-koa-kiripet\\node_modules\\koa-compose\\index.js:42:32)","timestamp":"2024-11-21 20:30:56"}
{"level":"error","message":"发送文本消息失败: 缺少必要参数","stack":"BadRequestError: 缺少必要参数\n    at Object.throw (C:\\Users\\Administrator\\Desktop\\kiri-project\\KiriPet\\node-koa-kiripet\\node_modules\\koa\\lib\\context.js:97:11)\n    at sendMsg (C:\\Users\\Administrator\\Desktop\\kiri-project\\KiriPet\\node-koa-kiripet\\src\\middleware\\chat.middleware.js:127:16)\n    at dispatch (C:\\Users\\Administrator\\Desktop\\kiri-project\\KiriPet\\node-koa-kiripet\\node_modules\\koa-compose\\index.js:42:32)\n    at C:\\Users\\Administrator\\Desktop\\kiri-project\\KiriPet\\node-koa-kiripet\\node_modules\\koa-router\\lib\\router.js:423:16\n    at dispatch (C:\\Users\\Administrator\\Desktop\\kiri-project\\KiriPet\\node-koa-kiripet\\node_modules\\koa-compose\\index.js:42:32)\n    at C:\\Users\\Administrator\\Desktop\\kiri-project\\KiriPet\\node-koa-kiripet\\node_modules\\koa-compose\\index.js:34:12\n    at dispatch (C:\\Users\\Administrator\\Desktop\\kiri-project\\KiriPet\\node-koa-kiripet\\node_modules\\koa-router\\lib\\router.js:428:31)\n    at dispatch (C:\\Users\\Administrator\\Desktop\\kiri-project\\KiriPet\\node-koa-kiripet\\node_modules\\koa-compose\\index.js:42:32)\n    at cors (C:\\Users\\Administrator\\Desktop\\kiri-project\\KiriPet\\node-koa-kiripet\\node_modules\\@koa\\cors\\index.js:109:22)\n    at dispatch (C:\\Users\\Administrator\\Desktop\\kiri-project\\KiriPet\\node-koa-kiripet\\node_modules\\koa-compose\\index.js:42:32)","timestamp":"2024-11-21 20:30:57"}
{"level":"error","message":"发送文本消息失败: 缺少必要参数","stack":"BadRequestError: 缺少必要参数\n    at Object.throw (C:\\Users\\Administrator\\Desktop\\kiri-project\\KiriPet\\node-koa-kiripet\\node_modules\\koa\\lib\\context.js:97:11)\n    at sendMsg (C:\\Users\\Administrator\\Desktop\\kiri-project\\KiriPet\\node-koa-kiripet\\src\\middleware\\chat.middleware.js:127:16)\n    at dispatch (C:\\Users\\Administrator\\Desktop\\kiri-project\\KiriPet\\node-koa-kiripet\\node_modules\\koa-compose\\index.js:42:32)\n    at C:\\Users\\Administrator\\Desktop\\kiri-project\\KiriPet\\node-koa-kiripet\\node_modules\\koa-router\\lib\\router.js:423:16\n    at dispatch (C:\\Users\\Administrator\\Desktop\\kiri-project\\KiriPet\\node-koa-kiripet\\node_modules\\koa-compose\\index.js:42:32)\n    at C:\\Users\\Administrator\\Desktop\\kiri-project\\KiriPet\\node-koa-kiripet\\node_modules\\koa-compose\\index.js:34:12\n    at dispatch (C:\\Users\\Administrator\\Desktop\\kiri-project\\KiriPet\\node-koa-kiripet\\node_modules\\koa-router\\lib\\router.js:428:31)\n    at dispatch (C:\\Users\\Administrator\\Desktop\\kiri-project\\KiriPet\\node-koa-kiripet\\node_modules\\koa-compose\\index.js:42:32)\n    at cors (C:\\Users\\Administrator\\Desktop\\kiri-project\\KiriPet\\node-koa-kiripet\\node_modules\\@koa\\cors\\index.js:109:22)\n    at dispatch (C:\\Users\\Administrator\\Desktop\\kiri-project\\KiriPet\\node-koa-kiripet\\node_modules\\koa-compose\\index.js:42:32)","timestamp":"2024-11-21 20:34:23"}
{"level":"error","message":"发送文本消息失败: Sequelize.query is not a function","timestamp":"2024-11-21 20:36:28"}
{"level":"error","message":"发送文本消息失败: Sequelize.query is not a function","stack":"TypeError: Sequelize.query is not a function\n    at MessageService.sendMessage (C:\\Users\\Administrator\\Desktop\\kiri-project\\KiriPet\\node-koa-kiripet\\src\\service\\chat.service.js:81:23)\n    at sendMsg (C:\\Users\\Administrator\\Desktop\\kiri-project\\KiriPet\\node-koa-kiripet\\src\\middleware\\chat.middleware.js:130:41)\n    at dispatch (C:\\Users\\Administrator\\Desktop\\kiri-project\\KiriPet\\node-koa-kiripet\\node_modules\\koa-compose\\index.js:42:32)\n    at C:\\Users\\Administrator\\Desktop\\kiri-project\\KiriPet\\node-koa-kiripet\\node_modules\\koa-router\\lib\\router.js:423:16\n    at dispatch (C:\\Users\\Administrator\\Desktop\\kiri-project\\KiriPet\\node-koa-kiripet\\node_modules\\koa-compose\\index.js:42:32)\n    at C:\\Users\\Administrator\\Desktop\\kiri-project\\KiriPet\\node-koa-kiripet\\node_modules\\koa-compose\\index.js:34:12\n    at dispatch (C:\\Users\\Administrator\\Desktop\\kiri-project\\KiriPet\\node-koa-kiripet\\node_modules\\koa-router\\lib\\router.js:428:31)\n    at dispatch (C:\\Users\\Administrator\\Desktop\\kiri-project\\KiriPet\\node-koa-kiripet\\node_modules\\koa-compose\\index.js:42:32)\n    at cors (C:\\Users\\Administrator\\Desktop\\kiri-project\\KiriPet\\node-koa-kiripet\\node_modules\\@koa\\cors\\index.js:109:22)\n    at dispatch (C:\\Users\\Administrator\\Desktop\\kiri-project\\KiriPet\\node-koa-kiripet\\node_modules\\koa-compose\\index.js:42:32)","timestamp":"2024-11-21 20:36:28"}
{"level":"info","message":"创建聊天表成功: chat_12212","timestamp":"2024-11-21 20:39:13"}
{"level":"info","message":"创建聊天表成功: chat_12212","timestamp":"2024-11-21 20:40:08"}
{"level":"info","message":"发送消息成功","timestamp":"2024-11-21 20:40:09"}
{"level":"info","message":"创建聊天表成功: chat_11111","timestamp":"2024-11-21 20:41:04"}
{"level":"info","message":"发送消息成功","timestamp":"2024-11-21 20:41:04"}
{"level":"info","message":"创建聊天表成功: chat_11111","timestamp":"2024-11-21 20:42:07"}
{"level":"info","message":"发送消息成功","timestamp":"2024-11-21 20:42:07"}
{"level":"info","message":"获取聊天消息成功","timestamp":"2024-11-21 20:55:44"}
{"level":"info","message":"获取聊天消息成功","timestamp":"2024-11-21 20:55:45"}
{"level":"info","message":"获取聊天消息成功","timestamp":"2024-11-21 20:55:46"}
{"level":"info","message":"获取聊天消息成功","timestamp":"2024-11-21 20:55:47"}
{"level":"info","message":"获取聊天消息成功","timestamp":"2024-11-21 21:05:28"}
{"level":"info","message":"获取聊天消息成功","timestamp":"2024-11-21 21:07:45"}
{"level":"info","message":"创建聊天表成功: chat_11111","timestamp":"2024-11-21 21:07:52"}
{"level":"info","message":"发送消息成功","timestamp":"2024-11-21 21:07:52"}
{"level":"info","message":"文件上传成功: http://k-chat-test.oss-cn-guangzhou.aliyuncs.com/chat-files/01b8c00bf0b13f806440efcd82e7ed55.png","timestamp":"2024-11-21 21:08:03"}
{"level":"info","message":"创建聊天表成功: chat_11111","timestamp":"2024-11-21 21:08:03"}
{"level":"info","message":"发送文件成功","timestamp":"2024-11-21 21:08:03"}
{"level":"info","message":"获取聊天消息成功","timestamp":"2024-11-21 21:09:08"}
{"level":"info","message":"获取聊天消息成功","timestamp":"2024-11-21 21:09:09"}
{"level":"info","message":"获取聊天消息成功","timestamp":"2024-11-21 21:09:09"}
{"level":"info","message":"获取聊天消息成功","timestamp":"2024-11-21 21:09:45"}
{"level":"info","message":"获取聊天消息成功","timestamp":"2024-11-21 21:09:45"}
{"level":"info","message":"获取聊天消息成功","timestamp":"2024-11-21 21:09:45"}
{"level":"info","message":"获取聊天消息成功","timestamp":"2024-11-21 21:13:24"}
{"level":"info","message":"获取聊天消息成功","timestamp":"2024-11-21 21:16:47"}
{"level":"info","message":"获取聊天消息成功","timestamp":"2024-11-21 21:16:51"}
{"level":"info","message":"获取聊天消息成功","timestamp":"2024-11-21 21:16:51"}
{"level":"info","message":"获取聊天消息成功","timestamp":"2024-11-21 21:16:53"}
{"level":"info","message":"获取聊天消息成功","timestamp":"2024-11-21 21:16:53"}
{"level":"info","message":"获取聊天消息成功","timestamp":"2024-11-21 21:16:57"}
{"level":"info","message":"文件上传成功: http://k-chat-test.oss-cn-guangzhou.aliyuncs.com/chat-files/1d4c80b105948fd39a7b8f5ea9fd6d90.xlsx","timestamp":"2024-11-21 21:17:14"}
{"level":"info","message":"创建聊天表成功: chat_11111","timestamp":"2024-11-21 21:17:14"}
{"level":"info","message":"发送文件成功","timestamp":"2024-11-21 21:17:14"}
{"level":"info","message":"获取聊天消息成功","timestamp":"2024-11-21 21:23:00"}
{"level":"info","message":"获取聊天消息成功","timestamp":"2024-11-21 21:24:14"}
{"level":"info","message":"获取聊天消息成功","timestamp":"2024-11-21 21:24:15"}
{"level":"info","message":"获取聊天消息成功","timestamp":"2024-11-21 21:24:20"}
{"level":"info","message":"获取聊天消息成功","timestamp":"2024-11-21 21:24:22"}
{"level":"info","message":"获取聊天消息成功","timestamp":"2024-11-21 21:24:23"}
{"level":"info","message":"获取聊天消息成功","timestamp":"2024-11-21 21:24:23"}
{"level":"info","message":"获取聊天消息成功","timestamp":"2024-11-21 21:24:25"}
{"level":"info","message":"获取聊天消息成功","timestamp":"2024-11-21 21:24:25"}
{"level":"info","message":"获取聊天消息成功","timestamp":"2024-11-21 21:24:25"}
{"level":"info","message":"获取聊天消息成功","timestamp":"2024-11-21 21:24:39"}
{"level":"info","message":"获取聊天消息成功","timestamp":"2024-11-21 21:24:40"}
{"level":"info","message":"获取聊天消息成功","timestamp":"2024-11-21 21:24:41"}
{"level":"info","message":"获取聊天消息成功","timestamp":"2024-11-21 21:24:41"}
{"level":"info","message":"获取聊天消息成功","timestamp":"2024-11-21 21:25:43"}
{"level":"info","message":"文件上传成功: http://k-chat-test.oss-cn-guangzhou.aliyuncs.com/chat-files/8a8a9bc1d4930d18fe840f570b2f2fa5.docx","timestamp":"2024-11-21 21:25:50"}
{"level":"info","message":"创建聊天表成功: chat_11111","timestamp":"2024-11-21 21:25:50"}
{"level":"info","message":"发送文件成功","timestamp":"2024-11-21 21:25:50"}
{"level":"info","message":"获取聊天消息成功","timestamp":"2024-11-21 21:26:35"}
{"level":"info","message":"获取聊天消息成功","timestamp":"2024-11-21 21:26:57"}
{"level":"info","message":"获取聊天消息成功","timestamp":"2024-11-21 21:27:56"}
{"level":"info","message":"获取聊天消息成功","timestamp":"2024-11-21 21:32:29"}
{"level":"info","message":"获取聊天消息成功","timestamp":"2024-11-21 21:32:29"}
{"level":"info","message":"获取聊天消息成功","timestamp":"2024-11-21 21:32:29"}
{"level":"info","message":"获取聊天消息成功","timestamp":"2024-11-21 21:32:34"}
{"level":"info","message":"获取聊天消息成功","timestamp":"2024-11-21 21:33:38"}
{"level":"info","message":"获取聊天消息成功","timestamp":"2024-11-21 21:33:39"}
{"level":"info","message":"获取聊天消息成功","timestamp":"2024-11-21 21:33:39"}
{"level":"info","message":"获取聊天消息成功","timestamp":"2024-11-21 21:33:40"}
{"level":"info","message":"获取聊天消息成功","timestamp":"2024-11-21 21:33:40"}
{"level":"info","message":"获取聊天消息成功","timestamp":"2024-11-21 21:33:43"}
{"level":"info","message":"获取聊天消息成功","timestamp":"2024-11-21 21:33:43"}
{"level":"info","message":"获取聊天消息成功","timestamp":"2024-11-21 21:33:43"}
{"level":"info","message":"获取聊天消息成功","timestamp":"2024-11-21 21:33:43"}
{"level":"info","message":"获取聊天消息成功","timestamp":"2024-11-21 21:33:55"}
{"level":"info","message":"获取聊天消息成功","timestamp":"2024-11-21 21:33:56"}
{"level":"info","message":"创建聊天表成功: chat_12212","timestamp":"2024-11-21 21:34:00"}
{"level":"info","message":"发送消息成功","timestamp":"2024-11-21 21:34:00"}
{"level":"info","message":"获取聊天消息成功","timestamp":"2024-11-21 21:34:02"}
{"level":"info","message":"获取聊天消息成功","timestamp":"2024-11-21 21:34:06"}
{"level":"info","message":"获取聊天消息成功","timestamp":"2024-11-21 21:36:01"}
{"level":"info","message":"获取聊天消息成功","timestamp":"2024-11-21 21:39:00"}
{"level":"info","message":"获取聊天消息成功","timestamp":"2024-11-21 21:39:18"}
{"level":"info","message":"获取聊天消息成功","timestamp":"2024-11-21 21:39:18"}
{"level":"info","message":"获取聊天消息成功","timestamp":"2024-11-21 21:39:19"}
{"level":"info","message":"获取聊天消息成功","timestamp":"2024-11-21 21:39:19"}
{"level":"info","message":"获取聊天消息成功","timestamp":"2024-11-21 21:39:19"}
{"level":"info","message":"获取聊天消息成功","timestamp":"2024-11-21 21:39:20"}
{"level":"info","message":"获取聊天消息成功","timestamp":"2024-11-21 21:39:30"}
{"level":"info","message":"获取聊天消息成功","timestamp":"2024-11-21 21:39:34"}
{"level":"info","message":"获取聊天消息成功","timestamp":"2024-11-21 21:39:40"}
{"level":"info","message":"获取聊天消息成功","timestamp":"2024-11-21 21:39:40"}
{"level":"info","message":"获取聊天消息成功","timestamp":"2024-11-21 21:39:48"}
{"level":"info","message":"获取聊天消息成功","timestamp":"2024-11-21 21:39:48"}
{"level":"info","message":"获取聊天消息成功","timestamp":"2024-11-21 21:40:00"}
{"level":"info","message":"获取聊天消息成功","timestamp":"2024-11-21 21:40:16"}
{"level":"info","message":"获取聊天消息成功","timestamp":"2024-11-21 21:41:27"}
{"level":"info","message":"获取聊天消息成功","timestamp":"2024-11-21 21:41:27"}
{"level":"info","message":"获取聊天消息成功","timestamp":"2024-11-21 21:41:28"}
{"level":"info","message":"获取聊天消息成功","timestamp":"2024-11-21 21:58:43"}
{"level":"info","message":"获取聊天消息成功","timestamp":"2024-11-21 22:09:14"}
{"level":"info","message":"获取聊天消息成功","timestamp":"2024-11-21 22:12:26"}
{"level":"info","message":"获取聊天消息成功","timestamp":"2024-11-21 22:12:28"}
{"level":"info","message":"获取聊天消息成功","timestamp":"2024-11-21 22:13:37"}
{"level":"info","message":"获取聊天消息成功","timestamp":"2024-11-21 22:14:15"}
{"level":"info","message":"获取聊天消息成功","timestamp":"2024-11-21 22:14:40"}
{"level":"info","message":"获取聊天消息成功","timestamp":"2024-11-21 22:21:54"}
{"level":"info","message":"创建聊天表成功: chat_11111","timestamp":"2024-11-21 22:23:18"}
{"level":"info","message":"发送消息成功","timestamp":"2024-11-21 22:23:18"}
{"level":"info","message":"创建聊天表成功: chat_11111","timestamp":"2024-11-21 22:25:11"}
{"level":"info","message":"发送消息成功","timestamp":"2024-11-21 22:25:11"}
{"level":"info","message":"获取聊天消息成功","timestamp":"2024-11-21 22:27:33"}
{"level":"info","message":"获取聊天消息成功","timestamp":"2024-11-21 22:27:37"}
{"level":"info","message":"获取聊天消息成功","timestamp":"2024-11-21 22:27:39"}
{"level":"info","message":"文件上传成功: http://k-chat-test.oss-cn-guangzhou.aliyuncs.com/chat-files/cb1f1bf5ee0cb3b401ac7881d8283392.jpg","timestamp":"2024-11-21 22:29:05"}
{"level":"info","message":"创建聊天表成功: chat_11111","timestamp":"2024-11-21 22:29:06"}
{"level":"info","message":"发送文件成功","timestamp":"2024-11-21 22:29:06"}
{"level":"info","message":"创建聊天表成功: chat_11111","timestamp":"2024-11-21 22:29:39"}
{"level":"info","message":"发送消息成功","timestamp":"2024-11-21 22:29:40"}
{"level":"info","message":"获取聊天消息成功","timestamp":"2024-11-21 22:32:55"}
{"level":"info","message":"获取聊天消息成功","timestamp":"2024-11-21 22:32:56"}
{"level":"info","message":"获取聊天消息成功","timestamp":"2024-11-21 22:32:56"}
{"level":"info","message":"获取聊天消息成功","timestamp":"2024-11-21 22:32:57"}
{"level":"info","message":"获取聊天消息成功","timestamp":"2024-11-21 22:32:58"}
{"level":"info","message":"获取聊天消息成功","timestamp":"2024-11-21 22:33:05"}
{"level":"info","message":"获取聊天消息成功","timestamp":"2024-11-21 22:33:08"}
{"level":"info","message":"获取聊天消息成功","timestamp":"2024-11-21 22:33:18"}
{"level":"info","message":"获取聊天消息成功","timestamp":"2024-11-21 22:33:19"}
{"level":"info","message":"获取聊天消息成功","timestamp":"2024-11-21 22:33:19"}
{"level":"info","message":"获取聊天消息成功","timestamp":"2024-11-21 22:33:21"}
{"level":"info","message":"获取聊天消息成功","timestamp":"2024-11-21 22:33:22"}
{"level":"info","message":"获取聊天消息成功","timestamp":"2024-11-21 22:33:23"}
{"level":"info","message":"获取聊天消息成功","timestamp":"2024-11-21 22:36:41"}
{"level":"info","message":"获取聊天消息成功","timestamp":"2024-11-21 22:37:18"}
{"level":"info","message":"获取聊天消息成功","timestamp":"2024-11-21 22:37:46"}
{"level":"info","message":"获取聊天消息成功","timestamp":"2024-11-21 22:38:36"}
{"level":"info","message":"获取聊天消息成功","timestamp":"2024-11-21 22:39:37"}
{"level":"info","message":"获取聊天消息成功","timestamp":"2024-11-21 22:40:10"}
{"level":"info","message":"获取聊天消息成功","timestamp":"2024-11-21 22:40:25"}
{"level":"info","message":"获取聊天消息成功","timestamp":"2024-11-21 22:40:28"}
{"level":"info","message":"获取聊天消息成功","timestamp":"2024-11-21 22:40:31"}
{"level":"info","message":"获取聊天消息成功","timestamp":"2024-11-21 22:40:32"}
{"level":"info","message":"获取聊天消息成功","timestamp":"2024-11-21 22:40:32"}
{"level":"info","message":"获取聊天消息成功","timestamp":"2024-11-21 22:41:24"}
{"level":"info","message":"获取聊天消息成功","timestamp":"2024-11-21 22:41:27"}
{"level":"info","message":"获取聊天消息成功","timestamp":"2024-11-21 22:46:53"}
{"level":"info","message":"创建聊天表成功: chat_11111","timestamp":"2024-11-21 22:46:57"}
{"level":"info","message":"发送消息成功","timestamp":"2024-11-21 22:46:57"}
{"level":"error","message":"发送文本消息失败: 缺少必要参数","stack":"BadRequestError: 缺少必要参数\n    at Object.throw (C:\\Users\\Administrator\\Desktop\\kiri-project\\KiriPet\\node-koa-kiripet\\node_modules\\koa\\lib\\context.js:97:11)\n    at sendMsg (C:\\Users\\Administrator\\Desktop\\kiri-project\\KiriPet\\node-koa-kiripet\\src\\middleware\\chat.middleware.js:126:16)\n    at dispatch (C:\\Users\\Administrator\\Desktop\\kiri-project\\KiriPet\\node-koa-kiripet\\node_modules\\koa-compose\\index.js:42:32)\n    at C:\\Users\\Administrator\\Desktop\\kiri-project\\KiriPet\\node-koa-kiripet\\node_modules\\koa-router\\lib\\router.js:423:16\n    at dispatch (C:\\Users\\Administrator\\Desktop\\kiri-project\\KiriPet\\node-koa-kiripet\\node_modules\\koa-compose\\index.js:42:32)\n    at C:\\Users\\Administrator\\Desktop\\kiri-project\\KiriPet\\node-koa-kiripet\\node_modules\\koa-compose\\index.js:34:12\n    at dispatch (C:\\Users\\Administrator\\Desktop\\kiri-project\\KiriPet\\node-koa-kiripet\\node_modules\\koa-router\\lib\\router.js:428:31)\n    at dispatch (C:\\Users\\Administrator\\Desktop\\kiri-project\\KiriPet\\node-koa-kiripet\\node_modules\\koa-compose\\index.js:42:32)\n    at cors (C:\\Users\\Administrator\\Desktop\\kiri-project\\KiriPet\\node-koa-kiripet\\node_modules\\@koa\\cors\\index.js:109:22)\n    at dispatch (C:\\Users\\Administrator\\Desktop\\kiri-project\\KiriPet\\node-koa-kiripet\\node_modules\\koa-compose\\index.js:42:32)","timestamp":"2024-11-21 22:46:58"}
{"level":"info","message":"获取聊天消息成功","timestamp":"2024-11-21 22:48:02"}
{"level":"info","message":"获取聊天消息成功","timestamp":"2024-11-21 22:48:06"}
{"level":"info","message":"获取聊天消息成功","timestamp":"2024-11-21 22:48:07"}
{"level":"info","message":"获取聊天消息成功","timestamp":"2024-11-21 22:48:09"}
{"level":"info","message":"获取聊天消息成功","timestamp":"2024-11-21 22:48:14"}
{"level":"info","message":"获取聊天消息成功","timestamp":"2024-11-21 22:48:20"}
{"level":"info","message":"创建聊天表成功: chat_11111","timestamp":"2024-11-21 22:48:29"}
{"level":"info","message":"发送消息成功","timestamp":"2024-11-21 22:48:29"}
{"level":"info","message":"创建聊天表成功: chat_11111","timestamp":"2024-11-21 22:48:31"}
{"level":"info","message":"发送消息成功","timestamp":"2024-11-21 22:48:31"}
{"level":"info","message":"获取聊天消息成功","timestamp":"2024-11-21 22:53:03"}
{"level":"info","message":"创建聊天表成功: chat_11111","timestamp":"2024-11-21 22:53:12"}
{"level":"info","message":"发送消息成功","timestamp":"2024-11-21 22:53:12"}
{"level":"info","message":"创建聊天表成功: chat_11111","timestamp":"2024-11-21 22:53:23"}
{"level":"info","message":"发送消息成功","timestamp":"2024-11-21 22:53:23"}
{"level":"info","message":"获取聊天消息成功","timestamp":"2024-11-21 22:53:44"}
{"level":"info","message":"获取聊天消息成功","timestamp":"2024-11-21 22:53:44"}
{"level":"info","message":"获取聊天消息成功","timestamp":"2024-11-21 22:53:44"}
{"level":"info","message":"获取聊天消息成功","timestamp":"2024-11-21 22:53:48"}
{"level":"info","message":"获取聊天消息成功","timestamp":"2024-11-21 22:53:48"}
{"level":"info","message":"获取聊天消息成功","timestamp":"2024-11-21 22:53:49"}
{"level":"info","message":"获取聊天消息成功","timestamp":"2024-11-21 22:53:49"}
{"level":"info","message":"获取聊天消息成功","timestamp":"2024-11-21 22:53:50"}
{"level":"info","message":"获取聊天消息成功","timestamp":"2024-11-21 22:53:52"}
{"level":"info","message":"获取聊天消息成功","timestamp":"2024-11-21 22:53:53"}
{"level":"info","message":"获取聊天消息成功","timestamp":"2024-11-21 22:53:55"}
{"level":"info","message":"获取聊天消息成功","timestamp":"2024-11-21 22:54:00"}
{"level":"info","message":"获取聊天消息成功","timestamp":"2024-11-21 22:54:01"}
{"level":"info","message":"获取聊天消息成功","timestamp":"2024-11-21 22:54:02"}
{"level":"info","message":"获取聊天消息成功","timestamp":"2024-11-21 22:54:06"}
{"level":"info","message":"创建聊天表成功: chat_11111","timestamp":"2024-11-21 22:54:09"}
{"level":"info","message":"发送消息成功","timestamp":"2024-11-21 22:54:09"}
{"level":"info","message":"获取聊天消息成功","timestamp":"2024-11-21 22:54:49"}
{"level":"info","message":"获取聊天消息成功","timestamp":"2024-11-21 22:54:50"}
{"level":"info","message":"获取聊天消息成功","timestamp":"2024-11-21 22:54:54"}
{"level":"info","message":"获取聊天消息成功","timestamp":"2024-11-21 22:54:56"}
{"level":"info","message":"获取聊天消息成功","timestamp":"2024-11-21 22:55:00"}
{"level":"info","message":"获取聊天消息成功","timestamp":"2024-11-21 22:55:10"}
{"level":"info","message":"获取聊天消息成功","timestamp":"2024-11-21 22:55:10"}
{"level":"info","message":"获取聊天消息成功","timestamp":"2024-11-21 22:55:11"}
{"level":"info","message":"获取聊天消息成功","timestamp":"2024-11-21 22:55:12"}
{"level":"info","message":"获取聊天消息成功","timestamp":"2024-11-21 22:55:12"}
{"level":"info","message":"获取聊天消息成功","timestamp":"2024-11-21 22:55:12"}
{"level":"info","message":"获取聊天消息成功","timestamp":"2024-11-21 22:55:12"}
{"level":"info","message":"获取聊天消息成功","timestamp":"2024-11-21 22:55:13"}
{"level":"info","message":"获取聊天消息成功","timestamp":"2024-11-21 22:55:13"}
{"level":"info","message":"获取聊天消息成功","timestamp":"2024-11-21 22:55:13"}
{"level":"info","message":"获取聊天消息成功","timestamp":"2024-11-21 22:55:14"}
{"level":"info","message":"获取聊天消息成功","timestamp":"2024-11-21 22:55:19"}
{"level":"info","message":"创建聊天表成功: chat_11111","timestamp":"2024-11-21 22:55:22"}
{"level":"info","message":"发送消息成功","timestamp":"2024-11-21 22:55:22"}
{"level":"info","message":"获取聊天消息成功","timestamp":"2024-11-21 22:55:39"}
{"level":"info","message":"创建聊天表成功: chat_11111","timestamp":"2024-11-21 22:55:41"}
{"level":"info","message":"发送消息成功","timestamp":"2024-11-21 22:55:41"}
{"level":"info","message":"创建聊天表成功: chat_11111","timestamp":"2024-11-21 22:55:44"}
{"level":"info","message":"发送消息成功","timestamp":"2024-11-21 22:55:44"}
{"level":"info","message":"创建聊天表成功: chat_11111","timestamp":"2024-11-21 22:56:09"}
{"level":"info","message":"发送消息成功","timestamp":"2024-11-21 22:56:09"}
{"level":"info","message":"创建聊天表成功: chat_11111","timestamp":"2024-11-21 22:56:12"}
{"level":"info","message":"发送消息成功","timestamp":"2024-11-21 22:56:13"}
{"level":"info","message":"获取聊天消息成功","timestamp":"2024-11-21 22:56:55"}
{"level":"info","message":"获取聊天消息成功","timestamp":"2024-11-21 22:56:57"}
{"level":"info","message":"获取聊天消息成功","timestamp":"2024-11-21 22:56:57"}
{"level":"info","message":"获取聊天消息成功","timestamp":"2024-11-21 22:57:06"}
{"level":"info","message":"获取聊天消息成功","timestamp":"2024-11-21 22:57:06"}
{"level":"info","message":"获取聊天消息成功","timestamp":"2024-11-21 22:57:06"}
{"level":"info","message":"获取聊天消息成功","timestamp":"2024-11-21 22:57:11"}
{"level":"info","message":"获取聊天消息成功","timestamp":"2024-11-21 22:57:11"}
{"level":"info","message":"获取聊天消息成功","timestamp":"2024-11-21 22:57:12"}
{"level":"info","message":"获取聊天消息成功","timestamp":"2024-11-21 22:57:13"}
{"level":"info","message":"获取聊天消息成功","timestamp":"2024-11-21 22:57:14"}
{"level":"info","message":"获取聊天消息成功","timestamp":"2024-11-21 22:57:15"}
{"level":"info","message":"获取聊天消息成功","timestamp":"2024-11-21 22:57:15"}
{"level":"info","message":"获取聊天消息成功","timestamp":"2024-11-21 22:57:17"}
{"level":"info","message":"获取聊天消息成功","timestamp":"2024-11-21 22:57:17"}
{"level":"info","message":"获取聊天消息成功","timestamp":"2024-11-21 22:57:19"}
{"level":"info","message":"获取聊天消息成功","timestamp":"2024-11-21 22:57:19"}
{"level":"info","message":"获取聊天消息成功","timestamp":"2024-11-21 22:57:20"}
{"level":"info","message":"获取聊天消息成功","timestamp":"2024-11-21 22:57:24"}
{"level":"info","message":"获取聊天消息成功","timestamp":"2024-11-21 22:57:24"}
{"level":"info","message":"获取聊天消息成功","timestamp":"2024-11-21 22:57:24"}
{"level":"info","message":"获取聊天消息成功","timestamp":"2024-11-21 22:57:29"}
{"level":"info","message":"创建聊天表成功: chat_11111","timestamp":"2024-11-21 22:57:46"}
{"level":"info","message":"发送消息成功","timestamp":"2024-11-21 22:57:46"}
{"level":"info","message":"创建聊天表成功: chat_11111","timestamp":"2024-11-21 22:58:02"}
{"level":"info","message":"发送消息成功","timestamp":"2024-11-21 22:58:02"}
{"level":"info","message":"获取聊天消息成功","timestamp":"2024-11-21 22:58:12"}
{"level":"info","message":"获取聊天消息成功","timestamp":"2024-11-21 22:58:12"}
{"level":"info","message":"获取聊天消息成功","timestamp":"2024-11-21 22:58:25"}
{"level":"info","message":"获取聊天消息成功","timestamp":"2024-11-21 22:58:27"}
{"level":"info","message":"获取聊天消息成功","timestamp":"2024-11-21 22:58:28"}
{"level":"info","message":"获取聊天消息成功","timestamp":"2024-11-21 22:58:35"}
{"level":"info","message":"获取聊天消息成功","timestamp":"2024-11-21 22:58:42"}
{"level":"info","message":"创建聊天表成功: chat_11111","timestamp":"2024-11-21 22:58:51"}
{"level":"info","message":"发送消息成功","timestamp":"2024-11-21 22:58:51"}
{"level":"info","message":"创建聊天表成功: chat_11111","timestamp":"2024-11-21 22:58:55"}
{"level":"info","message":"发送消息成功","timestamp":"2024-11-21 22:58:56"}
{"level":"info","message":"获取聊天消息成功","timestamp":"2024-11-21 22:59:06"}
{"level":"info","message":"获取聊天消息成功","timestamp":"2024-11-21 22:59:06"}
{"level":"info","message":"获取聊天消息成功","timestamp":"2024-11-21 22:59:08"}
{"level":"info","message":"创建聊天表成功: chat_11111","timestamp":"2024-11-21 22:59:16"}
{"level":"info","message":"发送消息成功","timestamp":"2024-11-21 22:59:16"}
{"level":"info","message":"创建聊天表成功: chat_11111","timestamp":"2024-11-21 22:59:20"}
{"level":"info","message":"发送消息成功","timestamp":"2024-11-21 22:59:20"}
{"level":"info","message":"获取聊天消息成功","timestamp":"2024-11-21 22:59:51"}
{"level":"info","message":"获取聊天消息成功","timestamp":"2024-11-21 23:00:03"}
{"level":"info","message":"获取聊天消息成功","timestamp":"2024-11-21 23:00:04"}
{"level":"info","message":"获取聊天消息成功","timestamp":"2024-11-21 23:00:05"}
{"level":"info","message":"获取聊天消息成功","timestamp":"2024-11-21 23:00:11"}
{"level":"info","message":"创建聊天表成功: chat_12212","timestamp":"2024-11-21 23:00:15"}
{"level":"info","message":"发送消息成功","timestamp":"2024-11-21 23:00:15"}
{"level":"info","message":"获取聊天消息成功","timestamp":"2024-11-21 23:00:39"}
{"level":"info","message":"获取聊天消息成功","timestamp":"2024-11-21 23:00:39"}
{"level":"info","message":"获取聊天消息成功","timestamp":"2024-11-21 23:00:40"}
{"level":"info","message":"获取聊天消息成功","timestamp":"2024-11-21 23:00:56"}
{"level":"info","message":"获取聊天消息成功","timestamp":"2024-11-21 23:00:56"}
{"level":"info","message":"获取聊天消息成功","timestamp":"2024-11-21 23:00:57"}
{"level":"info","message":"获取聊天消息成功","timestamp":"2024-11-21 23:01:02"}
{"level":"info","message":"获取聊天消息成功","timestamp":"2024-11-21 23:01:03"}
{"level":"info","message":"获取聊天消息成功","timestamp":"2024-11-21 23:01:05"}
{"level":"info","message":"获取聊天消息成功","timestamp":"2024-11-21 23:01:06"}
{"level":"info","message":"获取聊天消息成功","timestamp":"2024-11-21 23:01:06"}
{"level":"info","message":"获取聊天消息成功","timestamp":"2024-11-21 23:01:06"}
{"level":"info","message":"获取聊天消息成功","timestamp":"2024-11-21 23:01:06"}
{"level":"info","message":"获取聊天消息成功","timestamp":"2024-11-21 23:01:06"}
{"level":"info","message":"获取聊天消息成功","timestamp":"2024-11-21 23:01:09"}
{"level":"info","message":"获取聊天消息成功","timestamp":"2024-11-21 23:01:12"}
{"level":"info","message":"获取聊天消息成功","timestamp":"2024-11-21 23:01:16"}
{"level":"info","message":"获取聊天消息成功","timestamp":"2024-11-21 23:01:18"}
{"level":"info","message":"获取聊天消息成功","timestamp":"2024-11-21 23:01:19"}
{"level":"info","message":"获取聊天消息成功","timestamp":"2024-11-21 23:01:22"}
{"level":"info","message":"获取聊天消息成功","timestamp":"2024-11-21 23:01:23"}
{"level":"info","message":"获取聊天消息成功","timestamp":"2024-11-21 23:01:27"}
{"level":"info","message":"获取聊天消息成功","timestamp":"2024-11-21 23:01:28"}
{"level":"info","message":"创建聊天表成功: chat_11111","timestamp":"2024-11-21 23:01:38"}
{"level":"info","message":"发送消息成功","timestamp":"2024-11-21 23:01:38"}
{"level":"info","message":"创建聊天表成功: chat_11111","timestamp":"2024-11-21 23:01:41"}
{"level":"info","message":"发送消息成功","timestamp":"2024-11-21 23:01:42"}
{"level":"info","message":"获取聊天消息成功","timestamp":"2024-11-21 23:01:44"}
{"level":"info","message":"创建聊天表成功: chat_12212","timestamp":"2024-11-21 23:01:46"}
{"level":"info","message":"发送消息成功","timestamp":"2024-11-21 23:01:46"}
{"level":"info","message":"获取聊天消息成功","timestamp":"2024-11-21 23:01:49"}
{"level":"info","message":"获取聊天消息成功","timestamp":"2024-11-21 23:01:50"}
{"level":"info","message":"获取聊天消息成功","timestamp":"2024-11-21 23:01:55"}
{"level":"info","message":"获取聊天消息成功","timestamp":"2024-11-21 23:02:52"}
{"level":"info","message":"获取聊天消息成功","timestamp":"2024-11-21 23:02:52"}
{"level":"info","message":"获取聊天消息成功","timestamp":"2024-11-21 23:02:55"}
{"level":"info","message":"获取聊天消息成功","timestamp":"2024-11-21 23:02:57"}
{"level":"info","message":"获取聊天消息成功","timestamp":"2024-11-21 23:02:57"}
{"level":"info","message":"获取聊天消息成功","timestamp":"2024-11-21 23:03:01"}
{"level":"info","message":"创建聊天表成功: chat_11111","timestamp":"2024-11-21 23:03:11"}
{"level":"info","message":"发送消息成功","timestamp":"2024-11-21 23:03:11"}
{"level":"info","message":"创建聊天表成功: chat_11111","timestamp":"2024-11-21 23:03:15"}
{"level":"info","message":"发送消息成功","timestamp":"2024-11-21 23:03:15"}
{"level":"info","message":"创建聊天表成功: chat_11111","timestamp":"2024-11-21 23:03:26"}
{"level":"info","message":"发送消息成功","timestamp":"2024-11-21 23:03:26"}
{"level":"info","message":"创建聊天表成功: chat_11111","timestamp":"2024-11-21 23:03:29"}
{"level":"info","message":"发送消息成功","timestamp":"2024-11-21 23:03:29"}
{"level":"info","message":"获取聊天消息成功","timestamp":"2024-11-21 23:04:28"}
{"level":"info","message":"获取聊天消息成功","timestamp":"2024-11-21 23:04:31"}
{"level":"info","message":"获取聊天消息成功","timestamp":"2024-11-21 23:10:05"}
{"level":"info","message":"获取聊天消息成功","timestamp":"2024-11-21 23:11:20"}
{"level":"info","message":"获取聊天消息成功","timestamp":"2024-11-21 23:12:38"}
{"level":"info","message":"获取聊天消息成功","timestamp":"2024-11-21 23:12:43"}
{"level":"info","message":"获取聊天消息成功","timestamp":"2024-11-21 23:12:58"}
{"level":"info","message":"获取聊天消息成功","timestamp":"2024-11-21 23:13:00"}
{"level":"info","message":"获取聊天消息成功","timestamp":"2024-11-21 23:13:35"}
{"level":"info","message":"获取聊天消息成功","timestamp":"2024-11-21 23:14:15"}
{"level":"info","message":"获取聊天消息成功","timestamp":"2024-11-21 23:14:15"}
{"level":"info","message":"获取聊天消息成功","timestamp":"2024-11-21 23:14:39"}
{"level":"info","message":"获取聊天消息成功","timestamp":"2024-11-21 23:15:32"}
{"level":"info","message":"获取聊天消息成功","timestamp":"2024-11-21 23:15:35"}
{"level":"info","message":"获取聊天消息成功","timestamp":"2024-11-21 23:15:43"}
{"level":"info","message":"获取聊天消息成功","timestamp":"2024-11-21 23:15:43"}
{"level":"info","message":"获取聊天消息成功","timestamp":"2024-11-21 23:15:58"}
{"level":"info","message":"获取聊天消息成功","timestamp":"2024-11-21 23:16:00"}
{"level":"info","message":"获取聊天消息成功","timestamp":"2024-11-21 23:16:02"}
{"level":"info","message":"获取聊天消息成功","timestamp":"2024-11-21 23:16:33"}
{"level":"info","message":"获取聊天消息成功","timestamp":"2024-11-21 23:16:35"}
{"level":"info","message":"获取聊天消息成功","timestamp":"2024-11-21 23:19:47"}
{"level":"info","message":"创建聊天表成功: chat_11111","timestamp":"2024-11-21 23:20:58"}
{"level":"info","message":"发送消息成功","timestamp":"2024-11-21 23:20:58"}
{"level":"info","message":"创建聊天表成功: chat_11111","timestamp":"2024-11-21 23:21:00"}
{"level":"info","message":"发送消息成功","timestamp":"2024-11-21 23:21:00"}
{"level":"info","message":"获取聊天消息成功","timestamp":"2024-11-21 23:21:07"}
{"level":"info","message":"获取聊天消息成功","timestamp":"2024-11-21 23:21:09"}
{"level":"info","message":"获取聊天消息成功","timestamp":"2024-11-21 23:22:57"}
{"level":"info","message":"获取聊天消息成功","timestamp":"2024-11-21 23:23:09"}
{"level":"info","message":"获取聊天消息成功","timestamp":"2024-11-21 23:24:50"}
{"level":"info","message":"获取聊天消息成功","timestamp":"2024-11-21 23:24:54"}
{"level":"info","message":"获取聊天消息成功","timestamp":"2024-11-21 23:24:55"}
{"level":"info","message":"获取聊天消息成功","timestamp":"2024-11-21 23:24:59"}
{"level":"info","message":"获取聊天消息成功","timestamp":"2024-11-21 23:25:00"}
{"level":"info","message":"获取聊天消息成功","timestamp":"2024-11-21 23:25:05"}
{"level":"info","message":"获取聊天消息成功","timestamp":"2024-11-21 23:25:08"}
{"level":"info","message":"获取聊天消息成功","timestamp":"2024-11-21 23:25:08"}
{"level":"info","message":"获取聊天消息成功","timestamp":"2024-11-21 23:25:09"}
{"level":"info","message":"获取聊天消息成功","timestamp":"2024-11-21 23:25:10"}
{"level":"info","message":"获取聊天消息成功","timestamp":"2024-11-21 23:25:11"}
{"level":"info","message":"获取聊天消息成功","timestamp":"2024-11-21 23:25:14"}
{"level":"info","message":"获取聊天消息成功","timestamp":"2024-11-21 23:25:25"}
{"level":"info","message":"文件上传成功: http://k-chat-test.oss-cn-guangzhou.aliyuncs.com/chat-files/b0cf88cf19179f06c53a602b6c96aa78.pdf","timestamp":"2024-11-21 23:27:18"}
{"level":"info","message":"创建聊天表成功: chat_11111","timestamp":"2024-11-21 23:27:18"}
{"level":"info","message":"发送文件成功","timestamp":"2024-11-21 23:27:18"}
{"level":"info","message":"文件上传成功: http://k-chat-test.oss-cn-guangzhou.aliyuncs.com/chat-files/9914216abb9567085cbffb6622c521a3.pdf","timestamp":"2024-11-21 23:28:19"}
{"level":"info","message":"创建聊天表成功: chat_11111","timestamp":"2024-11-21 23:28:19"}
{"level":"info","message":"发送文件成功","timestamp":"2024-11-21 23:28:19"}
{"level":"info","message":"文件上传成功: http://k-chat-test.oss-cn-guangzhou.aliyuncs.com/chat-files/1d3ebf37bd9bf755c92821a53e3c7f3d.pdf","timestamp":"2024-11-21 23:31:21"}
{"level":"info","message":"创建聊天表成功: chat_11111","timestamp":"2024-11-21 23:31:21"}
{"level":"info","message":"发送文件成功","timestamp":"2024-11-21 23:31:21"}
{"level":"info","message":"获取聊天消息成功","timestamp":"2024-11-21 23:32:13"}
{"level":"info","message":"获取聊天消息成功","timestamp":"2024-11-21 23:32:18"}
{"level":"info","message":"文件上传成功: http://k-chat-test.oss-cn-guangzhou.aliyuncs.com/chat-files/0f0589ecb8cff6dfdc77a75ae354432e.pdf","timestamp":"2024-11-21 23:32:27"}
{"level":"info","message":"创建聊天表成功: chat_12212","timestamp":"2024-11-21 23:32:27"}
{"level":"info","message":"发送文件成功","timestamp":"2024-11-21 23:32:27"}
{"level":"info","message":"文件上传成功: http://k-chat-test.oss-cn-guangzhou.aliyuncs.com/chat-files/e9e7afa2ec4028fb73b599221b791afe.pdf","timestamp":"2024-11-21 23:33:18"}
{"level":"info","message":"创建聊天表成功: chat_12212","timestamp":"2024-11-21 23:33:19"}
{"level":"info","message":"发送文件成功","timestamp":"2024-11-21 23:33:19"}
{"level":"info","message":"获取聊天消息成功","timestamp":"2024-11-21 23:34:02"}
{"level":"info","message":"获取聊天消息成功","timestamp":"2024-11-21 23:38:18"}
{"level":"info","message":"获取聊天消息成功","timestamp":"2024-11-21 23:44:15"}
{"level":"info","message":"文件上传成功: http://k-chat-test.oss-cn-guangzhou.aliyuncs.com/chat-files/6ad1e961b22ede9bf7fab007d37ab07c.md","timestamp":"2024-11-21 23:44:21"}
{"level":"info","message":"创建聊天表成功: chat_12212","timestamp":"2024-11-21 23:44:21"}
{"level":"info","message":"发送文件成功","timestamp":"2024-11-21 23:44:21"}
{"level":"info","message":"获取聊天消息成功","timestamp":"2024-11-21 23:45:30"}
{"level":"info","message":"获取聊天消息成功","timestamp":"2024-11-21 23:46:09"}
{"level":"info","message":"获取聊天消息成功","timestamp":"2024-11-21 23:46:13"}
{"level":"info","message":"获取聊天消息成功","timestamp":"2024-11-21 23:46:18"}
{"level":"info","message":"获取聊天消息成功","timestamp":"2024-11-21 23:52:18"}
{"level":"info","message":"获取聊天消息成功","timestamp":"2024-11-21 23:59:30"}
{"level":"info","message":"获取聊天消息成功","timestamp":"2024-11-21 23:59:33"}
{"level":"info","message":"获取聊天消息成功","timestamp":"2024-11-22 00:07:47"}
{"level":"info","message":"获取聊天消息成功","timestamp":"2024-11-22 00:07:49"}
{"level":"info","message":"获取聊天消息成功","timestamp":"2024-11-22 00:07:50"}
{"level":"info","message":"获取聊天消息成功","timestamp":"2024-11-22 00:07:51"}
{"level":"info","message":"获取聊天消息成功","timestamp":"2024-11-22 00:07:51"}
{"level":"info","message":"获取聊天消息成功","timestamp":"2024-11-22 00:07:52"}
{"level":"info","message":"获取聊天消息成功","timestamp":"2024-11-22 00:07:53"}
{"level":"info","message":"获取聊天消息成功","timestamp":"2024-11-22 00:07:53"}
{"level":"info","message":"获取聊天消息成功","timestamp":"2024-11-22 00:07:54"}
{"level":"info","message":"获取聊天消息成功","timestamp":"2024-11-22 00:07:54"}
{"level":"info","message":"获取聊天消息成功","timestamp":"2024-11-22 00:08:12"}
{"level":"info","message":"获取聊天消息成功","timestamp":"2024-11-22 00:08:13"}
{"level":"info","message":"获取聊天消息成功","timestamp":"2024-11-22 00:08:14"}
{"level":"info","message":"创建聊天表成功: chat_11111","timestamp":"2024-11-22 00:08:18"}
{"level":"info","message":"发送消息成功","timestamp":"2024-11-22 00:08:18"}
{"level":"info","message":"创建聊天表成功: chat_11111","timestamp":"2024-11-22 00:10:36"}
{"level":"info","message":"发送消息成功","timestamp":"2024-11-22 00:10:36"}
{"level":"info","message":"获取聊天消息成功","timestamp":"2024-11-22 00:15:51"}
{"level":"info","message":"创建聊天表成功: chat_11111","timestamp":"2024-11-22 00:15:55"}
{"level":"info","message":"发送消息成功","timestamp":"2024-11-22 00:15:55"}
{"level":"info","message":"创建聊天表成功: chat_11111","timestamp":"2024-11-22 00:19:14"}
{"level":"info","message":"发送消息成功","timestamp":"2024-11-22 00:19:14"}
{"level":"info","message":"创建聊天表成功: chat_11111","timestamp":"2024-11-22 00:19:15"}
{"level":"info","message":"发送消息成功","timestamp":"2024-11-22 00:19:16"}
{"level":"info","message":"创建聊天表成功: chat_11111","timestamp":"2024-11-22 00:21:30"}
{"level":"info","message":"发送消息成功","timestamp":"2024-11-22 00:21:30"}
{"level":"info","message":"创建聊天表成功: chat_11111","timestamp":"2024-11-22 00:21:32"}
{"level":"info","message":"发送消息成功","timestamp":"2024-11-22 00:21:32"}
